<?xml version="1.0" encoding="UTF-8"?>
<testsuite name="com.epam.integrationtests.PostResourceTest" tests="1" skipped="0" failures="0" errors="0" timestamp="2022-07-12T14:38:04" hostname="EPBYMINW9724" time="2.137">
  <properties/>
  <testcase name="postResourceAndCheckOtherServices()" classname="com.epam.integrationtests.PostResourceTest" time="2.137"/>
  <system-out><![CDATA[18:38:01.672 [Test worker] DEBUG org.springframework.test.context.BootstrapUtils - Instantiating CacheAwareContextLoaderDelegate from class [org.springframework.test.context.cache.DefaultCacheAwareContextLoaderDelegate]
18:38:01.683 [Test worker] DEBUG org.springframework.test.context.BootstrapUtils - Instantiating BootstrapContext using constructor [public org.springframework.test.context.support.DefaultBootstrapContext(java.lang.Class,org.springframework.test.context.CacheAwareContextLoaderDelegate)]
18:38:01.716 [Test worker] DEBUG org.springframework.test.context.BootstrapUtils - Instantiating TestContextBootstrapper for test class [com.epam.integrationtests.PostResourceTest] from class [org.springframework.boot.test.context.SpringBootTestContextBootstrapper]
18:38:01.725 [Test worker] INFO org.springframework.boot.test.context.SpringBootTestContextBootstrapper - Neither @ContextConfiguration nor @ContextHierarchy found for test class [com.epam.integrationtests.PostResourceTest], using SpringBootContextLoader
18:38:01.730 [Test worker] DEBUG org.springframework.test.context.support.AbstractContextLoader - Did not detect default resource location for test class [com.epam.integrationtests.PostResourceTest]: class path resource [com/epam/integrationtests/PostResourceTest-context.xml] does not exist
18:38:01.731 [Test worker] DEBUG org.springframework.test.context.support.AbstractContextLoader - Did not detect default resource location for test class [com.epam.integrationtests.PostResourceTest]: class path resource [com/epam/integrationtests/PostResourceTestContext.groovy] does not exist
18:38:01.731 [Test worker] INFO org.springframework.test.context.support.AbstractContextLoader - Could not detect default resource locations for test class [com.epam.integrationtests.PostResourceTest]: no resource found for suffixes {-context.xml, Context.groovy}.
18:38:01.732 [Test worker] INFO org.springframework.test.context.support.AnnotationConfigContextLoaderUtils - Could not detect default configuration classes for test class [com.epam.integrationtests.PostResourceTest]: PostResourceTest does not declare any static, non-private, non-final, nested classes annotated with @Configuration.
18:38:01.781 [Test worker] DEBUG org.springframework.test.context.support.ActiveProfilesUtils - Could not find an 'annotation declaring class' for annotation type [org.springframework.test.context.ActiveProfiles] and class [com.epam.integrationtests.PostResourceTest]
18:38:01.857 [Test worker] DEBUG org.springframework.context.annotation.ClassPathScanningCandidateComponentProvider - Identified candidate component class: file [D:\EPAM Learn\Microservices\Songs Project\integration-tests\build\classes\java\main\com\epam\integrationtests\Application.class]
18:38:01.858 [Test worker] INFO org.springframework.boot.test.context.SpringBootTestContextBootstrapper - Found @SpringBootConfiguration com.epam.integrationtests.Application for test class com.epam.integrationtests.PostResourceTest
18:38:01.974 [Test worker] DEBUG org.springframework.boot.test.context.SpringBootTestContextBootstrapper - @TestExecutionListeners is not present for class [com.epam.integrationtests.PostResourceTest]: using defaults.
18:38:01.974 [Test worker] INFO org.springframework.boot.test.context.SpringBootTestContextBootstrapper - Loaded default TestExecutionListener class names from location [META-INF/spring.factories]: [org.springframework.boot.test.autoconfigure.restdocs.RestDocsTestExecutionListener, org.springframework.boot.test.autoconfigure.web.client.MockRestServiceServerResetTestExecutionListener, org.springframework.boot.test.autoconfigure.web.servlet.MockMvcPrintOnlyOnFailureTestExecutionListener, org.springframework.boot.test.autoconfigure.web.servlet.WebDriverTestExecutionListener, org.springframework.boot.test.autoconfigure.webservices.client.MockWebServiceServerTestExecutionListener, org.springframework.boot.test.mock.mockito.MockitoTestExecutionListener, org.springframework.boot.test.mock.mockito.ResetMocksTestExecutionListener, org.springframework.test.context.web.ServletTestExecutionListener, org.springframework.test.context.support.DirtiesContextBeforeModesTestExecutionListener, org.springframework.test.context.event.ApplicationEventsTestExecutionListener, org.springframework.test.context.support.DependencyInjectionTestExecutionListener, org.springframework.test.context.support.DirtiesContextTestExecutionListener, org.springframework.test.context.transaction.TransactionalTestExecutionListener, org.springframework.test.context.jdbc.SqlScriptsTestExecutionListener, org.springframework.test.context.event.EventPublishingTestExecutionListener]
18:38:01.986 [Test worker] DEBUG org.springframework.boot.test.context.SpringBootTestContextBootstrapper - Skipping candidate TestExecutionListener [org.springframework.test.context.transaction.TransactionalTestExecutionListener] due to a missing dependency. Specify custom listener classes or make the default listener classes and their required dependencies available. Offending class: [org/springframework/transaction/interceptor/TransactionAttributeSource]
18:38:01.987 [Test worker] DEBUG org.springframework.boot.test.context.SpringBootTestContextBootstrapper - Skipping candidate TestExecutionListener [org.springframework.test.context.jdbc.SqlScriptsTestExecutionListener] due to a missing dependency. Specify custom listener classes or make the default listener classes and their required dependencies available. Offending class: [org/springframework/transaction/interceptor/TransactionAttribute]
18:38:01.987 [Test worker] INFO org.springframework.boot.test.context.SpringBootTestContextBootstrapper - Using TestExecutionListeners: [org.springframework.test.context.web.ServletTestExecutionListener@615e84a2, org.springframework.test.context.support.DirtiesContextBeforeModesTestExecutionListener@1eafecdd, org.springframework.test.context.event.ApplicationEventsTestExecutionListener@637c16b9, org.springframework.boot.test.mock.mockito.MockitoTestExecutionListener@1ba7c9eb, org.springframework.boot.test.autoconfigure.SpringBootDependencyInjectionTestExecutionListener@ec935a9, org.springframework.test.context.support.DirtiesContextTestExecutionListener@6fe1e9a9, org.springframework.test.context.event.EventPublishingTestExecutionListener@6c2bf332, org.springframework.boot.test.autoconfigure.restdocs.RestDocsTestExecutionListener@496687cd, org.springframework.boot.test.autoconfigure.web.client.MockRestServiceServerResetTestExecutionListener@ec58735, org.springframework.boot.test.autoconfigure.web.servlet.MockMvcPrintOnlyOnFailureTestExecutionListener@6e098be5, org.springframework.boot.test.autoconfigure.web.servlet.WebDriverTestExecutionListener@5d885775, org.springframework.boot.test.autoconfigure.webservices.client.MockWebServiceServerTestExecutionListener@202debe6, org.springframework.boot.test.mock.mockito.ResetMocksTestExecutionListener@2f32cf9]
18:38:01.992 [Test worker] DEBUG org.springframework.test.context.support.AbstractDirtiesContextTestExecutionListener - Before test class: context [DefaultTestContext@3fbaca3b testClass = PostResourceTest, testInstance = [null], testMethod = [null], testException = [null], mergedContextConfiguration = [WebMergedContextConfiguration@2fa99671 testClass = PostResourceTest, locations = '{}', classes = '{class com.epam.integrationtests.Application}', contextInitializerClasses = '[]', activeProfiles = '{}', propertySourceLocations = '{}', propertySourceProperties = '{org.springframework.boot.test.context.SpringBootTestContextBootstrapper=true, server.port=0}', contextCustomizers = set[org.springframework.boot.test.autoconfigure.actuate.metrics.MetricsExportContextCustomizerFactory$DisableMetricExportContextCustomizer@5b9c4b0a, org.springframework.boot.test.autoconfigure.properties.PropertyMappingContextCustomizer@0, org.springframework.boot.test.autoconfigure.web.servlet.WebDriverContextCustomizerFactory$Customizer@5b7db98d, org.springframework.boot.test.context.filter.ExcludeFilterContextCustomizer@70df9d62, org.springframework.boot.test.json.DuplicateJsonObjectContextCustomizerFactory$DuplicateJsonObjectContextCustomizer@2afd2269, org.springframework.boot.test.mock.mockito.MockitoContextCustomizer@0, org.springframework.boot.test.web.client.TestRestTemplateContextCustomizer@7ada859e, org.springframework.boot.test.context.SpringBootTestArgs@1, org.springframework.boot.test.context.SpringBootTestWebEnvironment@e356aa0], resourceBasePath = 'src/main/webapp', contextLoader = 'org.springframework.boot.test.context.SpringBootContextLoader', parent = [null]], attributes = map['org.springframework.test.context.web.ServletTestExecutionListener.activateListener' -> false]], class annotated with @DirtiesContext [false] with mode [null].
18:38:02.004 [Test worker] DEBUG org.springframework.test.context.support.DependencyInjectionTestExecutionListener - Performing dependency injection for test context [[DefaultTestContext@3fbaca3b testClass = PostResourceTest, testInstance = com.epam.integrationtests.PostResourceTest@642b0857, testMethod = [null], testException = [null], mergedContextConfiguration = [WebMergedContextConfiguration@2fa99671 testClass = PostResourceTest, locations = '{}', classes = '{class com.epam.integrationtests.Application}', contextInitializerClasses = '[]', activeProfiles = '{}', propertySourceLocations = '{}', propertySourceProperties = '{org.springframework.boot.test.context.SpringBootTestContextBootstrapper=true, server.port=0}', contextCustomizers = set[org.springframework.boot.test.autoconfigure.actuate.metrics.MetricsExportContextCustomizerFactory$DisableMetricExportContextCustomizer@5b9c4b0a, org.springframework.boot.test.autoconfigure.properties.PropertyMappingContextCustomizer@0, org.springframework.boot.test.autoconfigure.web.servlet.WebDriverContextCustomizerFactory$Customizer@5b7db98d, org.springframework.boot.test.context.filter.ExcludeFilterContextCustomizer@70df9d62, org.springframework.boot.test.json.DuplicateJsonObjectContextCustomizerFactory$DuplicateJsonObjectContextCustomizer@2afd2269, org.springframework.boot.test.mock.mockito.MockitoContextCustomizer@0, org.springframework.boot.test.web.client.TestRestTemplateContextCustomizer@7ada859e, org.springframework.boot.test.context.SpringBootTestArgs@1, org.springframework.boot.test.context.SpringBootTestWebEnvironment@e356aa0], resourceBasePath = 'src/main/webapp', contextLoader = 'org.springframework.boot.test.context.SpringBootContextLoader', parent = [null]], attributes = map['org.springframework.test.context.web.ServletTestExecutionListener.activateListener' -> false, 'org.springframework.test.context.event.ApplicationEventsTestExecutionListener.recordApplicationEvents' -> false]]].

  .   ____          _            __ _ _
 /\\ / ___'_ __ _ _(_)_ __  __ _ \ \ \ \
( ( )\___ | '_ | '_| | '_ \/ _` | \ \ \ \
 \\/  ___)| |_)| | | | | || (_| |  ) ) ) )
  '  |____| .__|_| |_|_| |_\__, | / / / /
 =========|_|==============|___/=/_/_/_/
 :: Spring Boot ::                (v2.7.0)

2022-07-12 18:38:02.462  INFO 32868 --- [    Test worker] c.e.integrationtests.PostResourceTest    : Starting PostResourceTest using Java 14 on EPBYMINW9724 with PID 32868 (started by Siarhei_Svila in D:\EPAM Learn\Microservices\Songs Project\integration-tests)
2022-07-12 18:38:02.464  INFO 32868 --- [    Test worker] c.e.integrationtests.PostResourceTest    : No active profile set, falling back to 1 default profile: "default"
2022-07-12 18:38:03.846  INFO 32868 --- [    Test worker] o.s.b.w.embedded.tomcat.TomcatWebServer  : Tomcat initialized with port(s): 0 (http)
2022-07-12 18:38:03.865  INFO 32868 --- [    Test worker] o.apache.catalina.core.StandardService   : Starting service [Tomcat]
2022-07-12 18:38:03.866  INFO 32868 --- [    Test worker] org.apache.catalina.core.StandardEngine  : Starting Servlet engine: [Apache Tomcat/9.0.63]
2022-07-12 18:38:04.062  INFO 32868 --- [    Test worker] o.a.c.c.C.[Tomcat].[localhost].[/]       : Initializing Spring embedded WebApplicationContext
2022-07-12 18:38:04.063  INFO 32868 --- [    Test worker] w.s.c.ServletWebServerApplicationContext : Root WebApplicationContext: initialization completed in 1571 ms
2022-07-12 18:38:04.928  INFO 32868 --- [    Test worker] o.s.b.w.embedded.tomcat.TomcatWebServer  : Tomcat started on port(s): 49845 (http) with context path ''
2022-07-12 18:38:04.942  INFO 32868 --- [    Test worker] c.e.integrationtests.PostResourceTest    : Started PostResourceTest in 2.915 seconds (JVM running for 4.051)
2022-07-12 18:38:05.533  INFO 32868 --- [    Test worker] c.e.integrationtests.PostResourceTest    : Step 1: create a resource
2022-07-12 18:38:05.939  INFO 32868 --- [    Test worker] c.e.integrationtests.PostResourceTest    : Step 2: check that song with same resourceId was created
2022-07-12 18:38:07.041  INFO 32868 --- [    Test worker] c.e.integrationtests.PostResourceTest    : Step 3: delete a resource
2022-07-12 18:38:07.078  INFO 32868 --- [    Test worker] c.e.integrationtests.PostResourceTest    : Step 4: delete a song
]]></system-out>
  <system-err><![CDATA[]]></system-err>
</testsuite>
